<?xml version="1.0" encoding="UTF-8"?>
<!-- Generated by org.testng.reporters.JUnitReportReporter -->
<testsuite hostname="Anshuman" name="SelenieumProject.SearchSuggestion" tests="1" failures="0" timestamp="3 Dec 2015 08:03:57 GMT" time="9.056" errors="0">
  <testcase name="SearchSuggestion" time="9.056" classname="SelenieumProject.SearchSuggestion"/>
</testsuite> <!-- SelenieumProject.SearchSuggestion -->
