<?xml version="1.0" encoding="UTF-8"?>
<!-- Generated by org.testng.reporters.JUnitReportReporter -->
<testsuite hostname="Anshuman" name="TestNGReporting_Seleneum.NewTest" tests="1" failures="0" timestamp="24 Nov 2015 15:04:19 GMT" time="0.311" errors="0">
  <testcase name="VerifyGoogle" time="0.311" classname="TestNGReporting_Seleneum.NewTest"/>
</testsuite> <!-- TestNGReporting_Seleneum.NewTest -->
